0 info it worked if it ends with ok
1 verbose cli [ 'C:\\Program Files\\nodejs\\node.exe',
1 verbose cli   'C:\\Program Files\\nodejs\\node_modules\\npm\\bin\\npm-cli.js',
1 verbose cli   'run',
1 verbose cli   'dev' ]
2 info using npm@4.1.2
3 info using node@v7.7.4
4 verbose run-script [ 'predev', 'dev', 'postdev' ]
5 info lifecycle tsd-website@1.0.0~predev: tsd-website@1.0.0
6 silly lifecycle tsd-website@1.0.0~predev: no script for predev, continuing
7 info lifecycle tsd-website@1.0.0~dev: tsd-website@1.0.0
8 verbose lifecycle tsd-website@1.0.0~dev: unsafe-perm in lifecycle true
9 verbose lifecycle tsd-website@1.0.0~dev: PATH: C:\Program Files\nodejs\node_modules\npm\bin\node-gyp-bin;C:\Users\Connor Dowson\Documents\GitHub\TSD-website\node_modules\.bin;C:\Program Files (x86)\Razer Chroma SDK\bin;C:\Program Files\Razer Chroma SDK\bin;C:\tools\ruby23\bin;C:\ProgramData\Oracle\Java\javapath;C:\Program Files (x86)\EasyPHP-DevServer-14.1VC11\binaries\php\php_runningversion;F:\IT work\EasyPhP\EasyPHP-DevServer-14.1VC11\binaries\php\php_runningversion;C:\Windows\system32;C:\Windows;C:\Windows\System32\Wbem;C:\Windows\System32\WindowsPowerShell\v1.0\;C:\Program Files (x86)\Livestreamer;C:\WINDOWS\system32;C:\WINDOWS;C:\WINDOWS\System32\Wbem;C:\WINDOWS\System32\WindowsPowerShell\v1.0\;C:\Program Files\Git\cmd;C:\ProgramData\chocolatey\bin;C:\Program Files (x86)\Brackets\command;C:\RailsInstaller\Git\cmd;C:\RailsInstaller\Ruby2.2.0\bin;C:\Users\Connor Dowson\AppData\Local\Programs\Python\Python35-32\Scripts\;C:\Users\Connor Dowson\AppData\Local\Programs\Python\Python35-32\;C:\Python27;C:\Users\Connor Dowson\AppData\Roaming\npm;C:\Users\Connor Dowson\AppData\Local\Microsoft\WindowsApps;C:\Users\Connor Dowson\AppData\Local\atom\bin;E:\Program Files (x86)\;C:\Program Files\nodejs\;C:\Program Files (x86)\NVIDIA Corporation\PhysX\Common;%SystemRoot%\system32;%SystemRoot%;%SystemRoot%\System32\Wbem;%SYSTEMROOT%\System32\WindowsPowerShell\v1.0\;C:\Program Files (x86)\Skype\Phone\;c:\Users\Me\AppData\Roaming\npm\;C:\Users\Connor Dowson\AppData\Local\.meteor\;%USERPROFILE%\AppData\Local\Microsoft\WindowsApps
10 verbose lifecycle tsd-website@1.0.0~dev: CWD: C:\Users\Connor Dowson\Documents\GitHub\TSD-website
11 silly lifecycle tsd-website@1.0.0~dev: Args: [ '/d /s /c',
11 silly lifecycle   'webpack-dev-server -d --history-api-fallback --inline --hot --watch-content-base --progress --colors' ]
12 silly lifecycle tsd-website@1.0.0~dev: Returned: code: 1  signal: null
13 info lifecycle tsd-website@1.0.0~dev: Failed to exec dev script
14 verbose stack Error: tsd-website@1.0.0 dev: `webpack-dev-server -d --history-api-fallback --inline --hot --watch-content-base --progress --colors`
14 verbose stack Exit status 1
14 verbose stack     at EventEmitter.<anonymous> (C:\Program Files\nodejs\node_modules\npm\lib\utils\lifecycle.js:279:16)
14 verbose stack     at emitTwo (events.js:106:13)
14 verbose stack     at EventEmitter.emit (events.js:194:7)
14 verbose stack     at ChildProcess.<anonymous> (C:\Program Files\nodejs\node_modules\npm\lib\utils\spawn.js:40:14)
14 verbose stack     at emitTwo (events.js:106:13)
14 verbose stack     at ChildProcess.emit (events.js:194:7)
14 verbose stack     at maybeClose (internal/child_process.js:899:16)
14 verbose stack     at Process.ChildProcess._handle.onexit (internal/child_process.js:226:5)
15 verbose pkgid tsd-website@1.0.0
16 verbose cwd C:\Users\Connor Dowson\Documents\GitHub\TSD-website
17 error Windows_NT 10.0.15063
18 error argv "C:\\Program Files\\nodejs\\node.exe" "C:\\Program Files\\nodejs\\node_modules\\npm\\bin\\npm-cli.js" "run" "dev"
19 error node v7.7.4
20 error npm  v4.1.2
21 error code ELIFECYCLE
22 error tsd-website@1.0.0 dev: `webpack-dev-server -d --history-api-fallback --inline --hot --watch-content-base --progress --colors`
22 error Exit status 1
23 error Failed at the tsd-website@1.0.0 dev script 'webpack-dev-server -d --history-api-fallback --inline --hot --watch-content-base --progress --colors'.
23 error Make sure you have the latest version of node.js and npm installed.
23 error If you do, this is most likely a problem with the tsd-website package,
23 error not with npm itself.
23 error Tell the author that this fails on your system:
23 error     webpack-dev-server -d --history-api-fallback --inline --hot --watch-content-base --progress --colors
23 error You can get information on how to open an issue for this project with:
23 error     npm bugs tsd-website
23 error Or if that isn't available, you can get their info via:
23 error     npm owner ls tsd-website
23 error There is likely additional logging output above.
24 verbose exit [ 1, true ]
